\BOOKMARK [0][-]{chapter.1}{\376\377\000W\000p\000r\000o\000w\000a\000d\000z\000e\000n\000i\000e}{}% 1
\BOOKMARK [1][-]{section.1.1}{\376\377\000M\000o\000t\000y\000w\000a\000c\000j\000a}{chapter.1}% 2
\BOOKMARK [1][-]{section.1.2}{\376\377\000G\000o\000t\000o\000w\000e\000\040\000r\000o\000z\000w\000i\001\005\000z\000a\000n\000i\000a}{chapter.1}% 3
\BOOKMARK [1][-]{section.1.3}{\376\377\000C\000e\000l\000\040\000p\000r\000a\000c\000y}{chapter.1}% 4
\BOOKMARK [0][-]{chapter.2}{\376\377\001\132\000r\000o\000d\000o\000w\000i\000s\000k\000o}{}% 5
\BOOKMARK [1][-]{section.2.1}{\376\377\000G\000o\000o\000g\000l\000e\000\040\000A\000p\000p\000s\000\040\000S\000c\000r\000i\000p\000t}{chapter.2}% 6
\BOOKMARK [1][-]{section.2.2}{\376\377\000N\000o\000d\000e\000.\000j\000s}{chapter.2}% 7
\BOOKMARK [1][-]{section.2.3}{\376\377\000P\000y\000t\000h\000o\000n}{chapter.2}% 8
\BOOKMARK [1][-]{section.2.4}{\376\377\000B\000o\000o\000t\000s\000t\000r\000a\000p}{chapter.2}% 9
\BOOKMARK [0][-]{chapter.3}{\376\377\000T\000e\000c\000h\000n\000i\000c\000z\000n\000y\000\040\000o\000p\000i\000s\000\040\000p\000r\000o\000g\000r\000a\000m\000u}{}% 10
\BOOKMARK [1][-]{section.3.1}{\376\377\000I\000n\000t\000e\000r\000f\000e\000j\000s\000\040\000u\001\174\000y\000t\000k\000o\000w\000n\000i\000k\000a}{chapter.3}% 11
\BOOKMARK [1][-]{section.3.2}{\376\377\000S\000e\000r\000w\000e\000r\000\040\000N\000o\000d\000e\000.\000j\000s\000'\000o\000w\000y}{chapter.3}% 12
\BOOKMARK [2][-]{subsection.3.2.1}{\376\377\000K\000o\000m\000u\000n\000i\000k\000a\000c\000j\000a\000\040\000m\000i\001\031\000d\000z\000y\000s\000e\000r\000w\000e\000r\000o\000w\000a}{section.3.2}% 13
\BOOKMARK [2][-]{subsection.3.2.2}{\376\377\001\132\000c\000i\000e\001\174\000k\000i\000\040\000s\000e\000r\000w\000e\000r\000a}{section.3.2}% 14
\BOOKMARK [2][-]{subsection.3.2.3}{\376\377\000J\000S\000O\000N\000\040\000v\000a\000l\000i\000d\000a\000t\000i\000o\000n}{section.3.2}% 15
\BOOKMARK [2][-]{subsection.3.2.4}{\376\377\000P\000l\000i\000k\000\040\000t\000e\000x\0002\000p\000n\000g\000.\000j\000s}{section.3.2}% 16
\BOOKMARK [1][-]{section.3.3}{\376\377\000G\000o\000o\000g\000l\000e\000\040\000A\000p\000p\000s\000\040\000S\000c\000r\000i\000p\000t}{chapter.3}% 17
\BOOKMARK [2][-]{subsection.3.3.1}{\376\377\000H\000T\000T\000P}{section.3.3}% 18
\BOOKMARK [2][-]{subsection.3.3.2}{\376\377\000Z\000a\000r\000z\001\005\000d\000z\000a\000n\000i\000e\000\040\000f\000o\000r\000m\000u\000l\000a\000r\000z\000a\000m\000i}{section.3.3}% 19
\BOOKMARK [1][-]{section.3.4}{\376\377\000K\000o\000n\000w\000e\000r\000s\000j\000a\000\040\000w\000s\000t\000a\000w\000e\000k\000\040\000z\000\040\000L\000a\000T\000e\000X\000'\000a}{chapter.3}% 20
\BOOKMARK [2][-]{subsection.3.4.1}{\376\377\000A\000l\000t\000e\000r\000n\000a\000t\000y\000w\000n\000e\000\040\000r\000o\000z\000w\000i\001\005\000z\000a\000n\000i\000e}{section.3.4}% 21
\BOOKMARK [1][-]{section.3.5}{\376\377\000S\000k\000r\000y\000p\000t\000y\000\040\000i\000n\000s\000t\000a\000l\000u\000j\001\005\000c\000y\000\040\000i\000\040\000u\000r\000u\000c\000h\000a\000m\000i\000a\000j\001\005\000c\000y}{chapter.3}% 22
\BOOKMARK [0][-]{chapter.4}{\376\377\000I\000n\000s\000t\000r\000u\000k\000c\000j\000a\000\040\000u\001\174\000y\000t\000k\000o\000w\000n\000i\000k\000a}{}% 23
\BOOKMARK [1][-]{section.4.1}{\376\377\000P\000o\000c\000z\001\005\000t\000k\000i\000\040\000p\000r\000a\000c\000y\000\040\000z\000\040\000n\000a\000r\000z\001\031\000d\000z\000i\000e\000m}{chapter.4}% 24
\BOOKMARK [2][-]{subsection.4.1.1}{\376\377\000I\000n\000s\000t\000a\000l\000a\000c\000j\000a}{section.4.1}% 25
\BOOKMARK [2][-]{subsection.4.1.2}{\376\377\000P\000r\000a\000c\000a\000\040\000z\000\040\000w\000t\000y\000c\000z\000k\001\005}{section.4.1}% 26
\BOOKMARK [1][-]{section.4.2}{\376\377\000S\000c\000h\000e\000m\000a\000t\000\040\000p\000l\000i\000k\000u\000\040\000k\000o\000d\000u\000j\001\005\000c\000e\000g\000o\000\040\000\050\000J\000S\000O\000N\000\051}{chapter.4}% 27
\BOOKMARK [1][-]{section.4.3}{\376\377\000O\000b\000s\001\102\000u\000g\000a\000\040\000n\000a\000r\000z\001\031\000d\000z\000i\000a}{chapter.4}% 28
\BOOKMARK [0][-]{chapter.5}{\376\377\000P\000o\000d\000s\000u\000m\000o\000w\000a\000n\000i\000e}{}% 29
\BOOKMARK [1][-]{section.5.1}{\376\377\000W\000n\000i\000o\000s\000k\000i}{chapter.5}% 30
\BOOKMARK [1][-]{section.5.2}{\376\377\000R\000o\000z\000w\000\363\000j}{chapter.5}% 31
\BOOKMARK [0][-]{chapter*.26}{\376\377\000B\000i\000b\000l\000i\000o\000g\000r\000a\000f\000i\000a}{}% 32
